Flow report for assign_statement
Wed Aug 13 09:18:03 2025
Quartus Prime Version 24.1std.0 Build 1077 03/04/2025 SC Lite Edition


---------------------
; Table of Contents ;
---------------------
  1. Legal Notice
  2. Flow Summary
  3. Flow Settings
  4. Flow Non-Default Global Settings
  5. Flow Elapsed Time
  6. Flow OS Summary
  7. Flow Log
  8. Flow Messages
  9. Flow Suppressed Messages



----------------
; Legal Notice ;
----------------
Copyright (C) 2025  Altera Corporation. All rights reserved.
Your use of Altera Corporation's design tools, logic functions 
and other software and tools, and any partner logic 
functions, and any output files from any of the foregoing 
(including device programming or simulation files), and any 
associated documentation or information are expressly subject 
to the terms and conditions of the Altera Program License 
Subscription Agreement, the Altera Quartus Prime License Agreement,
the Altera IP License Agreement, or other applicable license
agreement, including, without limitation, that your use is for
the sole purpose of programming logic devices manufactured by
Altera and sold by Altera or its authorized distributors.  Please
refer to the Altera Software License Subscription Agreements 
on the Quartus Prime software download page.



+-------------------------------------------------------------------------+
; Flow Summary                                                            ;
+-----------------------+-------------------------------------------------+
; Flow Status           ; Successful - Wed Aug 13 09:18:03 2025           ;
; Quartus Prime Version ; 24.1std.0 Build 1077 03/04/2025 SC Lite Edition ;
; Revision Name         ; assign_statement                                ;
; Top-level Entity Name ; assign_statement                                ;
; Family                ; MAX V                                           ;
; Total logic elements  ; 1 / 40 ( 3 % )                                  ;
; Total pins            ; 4 / 30 ( 13 % )                                 ;
; Total virtual pins    ; 0                                               ;
; UFM blocks            ; 0 / 1 ( 0 % )                                   ;
; Device                ; 5M40ZM64C4                                      ;
; Timing Models         ; Final                                           ;
+-----------------------+-------------------------------------------------+


+-----------------------------------------+
; Flow Settings                           ;
+-------------------+---------------------+
; Option            ; Setting             ;
+-------------------+---------------------+
; Start date & time ; 08/13/2025 09:17:30 ;
; Main task         ; Compilation         ;
; Revision Name     ; assign_statement    ;
+-------------------+---------------------+


+-----------------------------------------------------------------------------------------------------------------------------------+
; Flow Non-Default Global Settings                                                                                                  ;
+---------------------------------+-------------------------------+---------------+-------------+-----------------------------------+
; Assignment Name                 ; Value                         ; Default Value ; Entity Name ; Section Id                        ;
+---------------------------------+-------------------------------+---------------+-------------+-----------------------------------+
; COMPILER_SIGNATURE_ID           ; 1097869545465.175504785008496 ; --            ; --          ; --                                ;
; EDA_GENERATE_FUNCTIONAL_NETLIST ; Off                           ; --            ; --          ; eda_board_design_timing           ;
; EDA_GENERATE_FUNCTIONAL_NETLIST ; Off                           ; --            ; --          ; eda_board_design_boundary_scan    ;
; EDA_GENERATE_FUNCTIONAL_NETLIST ; Off                           ; --            ; --          ; eda_board_design_signal_integrity ;
; EDA_GENERATE_FUNCTIONAL_NETLIST ; Off                           ; --            ; --          ; eda_board_design_symbol           ;
; EDA_OUTPUT_DATA_FORMAT          ; Verilog Hdl                   ; --            ; --          ; eda_simulation                    ;
; EDA_SIMULATION_TOOL             ; Questa Intel FPGA (Verilog)   ; <None>        ; --          ; --                                ;
; EDA_TIME_SCALE                  ; 1 ps                          ; --            ; --          ; eda_simulation                    ;
; PROJECT_OUTPUT_DIRECTORY        ; output_files                  ; --            ; --          ; --                                ;
+---------------------------------+-------------------------------+---------------+-------------+-----------------------------------+


+--------------------------------------------------------------------------------------------------------------------------+
; Flow Elapsed Time                                                                                                        ;
+----------------------+--------------+-------------------------+---------------------+------------------------------------+
; Module Name          ; Elapsed Time ; Average Processors Used ; Peak Virtual Memory ; Total CPU Time (on all processors) ;
+----------------------+--------------+-------------------------+---------------------+------------------------------------+
; Analysis & Synthesis ; 00:00:23     ; 1.0                     ; 4722 MB             ; 00:00:37                           ;
; Fitter               ; 00:00:02     ; 1.0                     ; 5730 MB             ; 00:00:02                           ;
; Assembler            ; 00:00:00     ; 1.0                     ; 4685 MB             ; 00:00:01                           ;
; Timing Analyzer      ; 00:00:01     ; 1.0                     ; 4696 MB             ; 00:00:01                           ;
; EDA Netlist Writer   ; 00:00:01     ; 1.0                     ; 4640 MB             ; 00:00:01                           ;
; Total                ; 00:00:27     ; --                      ; --                  ; 00:00:42                           ;
+----------------------+--------------+-------------------------+---------------------+------------------------------------+


+------------------------------------------------------------------------------------+
; Flow OS Summary                                                                    ;
+----------------------+------------------+------------+------------+----------------+
; Module Name          ; Machine Hostname ; OS Name    ; OS Version ; Processor type ;
+----------------------+------------------+------------+------------+----------------+
; Analysis & Synthesis ; LAPTOP-S0BT8FKV  ; Windows 10 ; 10.0       ; x86_64         ;
; Fitter               ; LAPTOP-S0BT8FKV  ; Windows 10 ; 10.0       ; x86_64         ;
; Assembler            ; LAPTOP-S0BT8FKV  ; Windows 10 ; 10.0       ; x86_64         ;
; Timing Analyzer      ; LAPTOP-S0BT8FKV  ; Windows 10 ; 10.0       ; x86_64         ;
; EDA Netlist Writer   ; LAPTOP-S0BT8FKV  ; Windows 10 ; 10.0       ; x86_64         ;
+----------------------+------------------+------------+------------+----------------+


------------
; Flow Log ;
------------
quartus_map --read_settings_files=on --write_settings_files=off assign_statement -c assign_statement
quartus_fit --read_settings_files=off --write_settings_files=off assign_statement -c assign_statement
quartus_asm --read_settings_files=off --write_settings_files=off assign_statement -c assign_statement
quartus_sta assign_statement -c assign_statement
quartus_eda --read_settings_files=off --write_settings_files=off assign_statement -c assign_statement



